Log file open, 06/14/19 09:39:26
LogWindows: Failed to load 'aqProf.dll' (GetLastError=126)
LogWindows: File 'aqProf.dll' does not exist
LogWindows: Failed to load 'VtuneApi.dll' (GetLastError=126)
LogWindows: File 'VtuneApi.dll' does not exist
LogWindows: Failed to load 'VtuneApi32e.dll' (GetLastError=126)
LogWindows: File 'VtuneApi32e.dll' does not exist
LogInit: Display: Running engine for game: VRSwim
LogPlatformFile: Not using cached read wrapper
LogInit: Display: RandInit(-831233639) SRandInit(-831233639).
LogInit: Read version file with build ID '3944462'
LogInit: Overriding engine version to CL 4033788, compatible CL 3944462
LogInit: Registered custom module enumerator with build ID '3944462'
LogTaskGraph: Started task graph with 5 named threads and 23 total threads with 3 sets of task threads.
LogStats: Stats thread started at 0.276247
LogD3D11RHI: Aftermath initialized
LogICUInternationalization: Display: ICU TimeZone Detection - Raw Offset: -5:00, Platform Override: ''
LogPluginManager: Mounting plugin Paper2D
LogPluginManager: Mounting plugin LiveLink
LogPluginManager: Mounting plugin LightPropagationVolume
LogPluginManager: Mounting plugin CLionSourceCodeAccess
LogPluginManager: Mounting plugin CodeLiteSourceCodeAccess
LogPluginManager: Mounting plugin GitSourceControl
LogPluginManager: Mounting plugin KDevelopSourceCodeAccess
LogPluginManager: Mounting plugin NullSourceCodeAccess
LogPluginManager: Mounting plugin PerforceSourceControl
LogPluginManager: Mounting plugin SubversionSourceControl
LogPluginManager: Mounting plugin UObjectPlugin
LogPluginManager: Mounting plugin VisualStudioCodeSourceCodeAccess
LogPluginManager: Mounting plugin VisualStudioSourceCodeAccess
LogPluginManager: Mounting plugin XCodeSourceCodeAccess
LogPluginManager: Mounting plugin AssetManagerEditor
LogPluginManager: Mounting plugin CryptoKeys
LogPluginManager: Mounting plugin DataValidation
LogPluginManager: Mounting plugin FacialAnimation
LogPluginManager: Mounting plugin GameplayTagsEditor
LogPluginManager: Mounting plugin MobileLauncherProfileWizard
LogPluginManager: Mounting plugin PluginBrowser
LogPluginManager: Mounting plugin SpeedTreeImporter
LogPluginManager: Mounting plugin DatasmithContent
LogPluginManager: Mounting plugin AlembicImporter
LogPluginManager: Mounting plugin CharacterAI
LogPluginManager: Mounting plugin HTML5Networking
LogPluginManager: Mounting plugin AndroidMedia
LogPluginManager: Mounting plugin AvfMedia
LogPluginManager: Mounting plugin ImgMedia
LogPluginManager: Mounting plugin LinearTimecode
LogPluginManager: Mounting plugin MediaCompositing
LogPluginManager: Mounting plugin MediaPlayerEditor
LogPluginManager: Mounting plugin WmfMedia
LogPluginManager: Mounting plugin TcpMessaging
LogPluginManager: Mounting plugin UdpMessaging
LogPluginManager: Mounting plugin ActorSequence
LogPluginManager: Mounting plugin LevelSequenceEditor
LogPluginManager: Mounting plugin MatineeToLevelSequence
LogPluginManager: Mounting plugin NetcodeUnitTest
LogPluginManager: Mounting plugin NUTUnrealEngine4
LogPluginManager: Mounting plugin OnlineSubsystemGooglePlay
LogPluginManager: Mounting plugin OnlineSubsystemIOS
LogPluginManager: Mounting plugin OnlineSubsystem
LogPluginManager: Mounting plugin OnlineSubsystemNull
LogPluginManager: Mounting plugin OnlineSubsystemUtils
LogPluginManager: Mounting plugin AndroidDeviceProfileSelector
LogPluginManager: Mounting plugin AndroidMoviePlayer
LogPluginManager: Mounting plugin AndroidPermission
LogPluginManager: Mounting plugin AppleARKit
LogPluginManager: Mounting plugin AppleMoviePlayer
LogPluginManager: Mounting plugin ArchVisCharacter
LogPluginManager: Mounting plugin AudioCapture
LogPluginManager: Mounting plugin CableComponent
LogPluginManager: Mounting plugin CustomMeshComponent
LogPluginManager: Mounting plugin ExampleDeviceProfileSelector
LogPluginManager: Mounting plugin GoogleCloudMessaging
LogPluginManager: Mounting plugin ImmediatePhysics
LogPluginManager: Mounting plugin IOSDeviceProfileSelector
LogPluginManager: Mounting plugin LinuxDeviceProfileSelector
LogPluginManager: Mounting plugin LocationServicesBPLibrary
LogPluginManager: Mounting plugin MobilePatchingUtils
LogPluginManager: Mounting plugin OculusVR
LogPluginManager: Plugin shader directory ../../../Engine/Plugins/Runtime/Oculus/OculusVR/Shaders found
LogPluginManager: Mapping shader source directory ../../../Engine/Plugins/Runtime/Oculus/OculusVR/Shaders to virtual directory /Plugin/OculusVR
LogPluginManager: Mounting plugin PhysXVehicles
LogPluginManager: Mounting plugin ProceduralMeshComponent
LogPluginManager: Mounting plugin RuntimePhysXCooking
LogPluginManager: Mounting plugin SteamVR
LogPluginManager: Mounting plugin WindowsMoviePlayer
LogStreaming: Display: Took  0.357s to configure plugins.
LogModuleManager: Display: Found up-to-date module file ../../../../../../Users/Gautier/Documents/NageVr/NageVR/VRSwim/Binaries/Win64/UE4Editor-VRSwim.dll (API version 3944462).
LogModuleManager: Display: Found up-to-date module file ../../../Engine/Plugins/2D/Paper2D/Binaries/Win64/UE4Editor-Paper2D.dll (API version 3944462).
LogModuleManager: Display: Found up-to-date module file ../../../Engine/Plugins/2D/Paper2D/Binaries/Win64/UE4Editor-Paper2DEditor.dll (API version 3944462).
LogModuleManager: Display: Found up-to-date module file ../../../Engine/Plugins/2D/Paper2D/Binaries/Win64/UE4Editor-PaperSpriteSheetImporter.dll (API version 3944462).
LogModuleManager: Display: Found up-to-date module file ../../../Engine/Plugins/2D/Paper2D/Binaries/Win64/UE4Editor-PaperTiledImporter.dll (API version 3944462).
LogModuleManager: Display: Found up-to-date module file ../../../Engine/Plugins/2D/Paper2D/Binaries/Win64/UE4Editor-SmartSnapping.dll (API version 3944462).
LogModuleManager: Display: Found up-to-date module file ../../../Engine/Plugins/Animation/LiveLink/Binaries/Win64/UE4Editor-LiveLink.dll (API version 3944462).
LogModuleManager: Display: Found up-to-date module file ../../../Engine/Plugins/Animation/LiveLink/Binaries/Win64/UE4Editor-LiveLinkEditor.dll (API version 3944462).
LogModuleManager: Display: Found up-to-date module file ../../../Engine/Plugins/Blendables/LightPropagationVolume/Binaries/Win64/UE4Editor-LightPropagationVolumeRuntime.dll (API version 3944462).
LogModuleManager: Display: Found up-to-date module file ../../../Engine/Plugins/Blendables/LightPropagationVolume/Binaries/Win64/UE4Editor-LightPropagationVolumeEditor.dll (API version 3944462).
LogModuleManager: Display: Found up-to-date module file ../../../Engine/Plugins/Developer/CLionSourceCodeAccess/Binaries/Win64/UE4Editor-CLionSourceCodeAccess.dll (API version 3944462).
LogModuleManager: Display: Found up-to-date module file ../../../Engine/Plugins/Developer/GitSourceControl/Binaries/Win64/UE4Editor-GitSourceControl.dll (API version 3944462).
LogModuleManager: Display: Found up-to-date module file ../../../Engine/Plugins/Developer/PerforceSourceControl/Binaries/Win64/UE4Editor-PerforceSourceControl.dll (API version 3944462).
LogModuleManager: Display: Found up-to-date module file ../../../Engine/Plugins/Developer/SubversionSourceControl/Binaries/Win64/UE4Editor-SubversionSourceControl.dll (API version 3944462).
LogModuleManager: Display: Found up-to-date module file ../../../Engine/Plugins/Developer/UObjectPlugin/Binaries/Win64/UE4Editor-UObjectPlugin.dll (API version 3944462).
LogModuleManager: Display: Found up-to-date module file ../../../Engine/Plugins/Developer/VisualStudioCodeSourceCodeAccess/Binaries/Win64/UE4Editor-VisualStudioCodeSourceCodeAccess.dll (API version 3944462).
LogModuleManager: Display: Found up-to-date module file ../../../Engine/Plugins/Developer/VisualStudioSourceCodeAccess/Binaries/Win64/UE4Editor-VisualStudioSourceCodeAccess.dll (API version 3944462).
LogModuleManager: Display: Found up-to-date module file ../../../Engine/Plugins/Editor/AssetManagerEditor/Binaries/Win64/UE4Editor-AssetManagerEditor.dll (API version 3944462).
LogModuleManager: Display: Found up-to-date module file ../../../Engine/Plugins/Editor/CryptoKeys/Binaries/Win64/UE4Editor-CryptoKeys.dll (API version 3944462).
LogModuleManager: Display: Found up-to-date module file ../../../Engine/Plugins/Editor/CryptoKeys/Binaries/Win64/UE4Editor-CryptoKeysOpenSSL.dll (API version 3944462).
LogModuleManager: Display: Found up-to-date module file ../../../Engine/Plugins/Editor/DataValidation/Binaries/Win64/UE4Editor-DataValidation.dll (API version 3944462).
LogModuleManager: Display: Found up-to-date module file ../../../Engine/Plugins/Editor/FacialAnimation/Binaries/Win64/UE4Editor-FacialAnimation.dll (API version 3944462).
LogModuleManager: Display: Found up-to-date module file ../../../Engine/Plugins/Editor/FacialAnimation/Binaries/Win64/UE4Editor-FacialAnimationEditor.dll (API version 3944462).
LogModuleManager: Display: Found up-to-date module file ../../../Engine/Plugins/Editor/GameplayTagsEditor/Binaries/Win64/UE4Editor-GameplayTagsEditor.dll (API version 3944462).
LogModuleManager: Display: Found up-to-date module file ../../../Engine/Plugins/Editor/MobileLauncherProfileWizard/Binaries/Win64/UE4Editor-MobileLauncherProfileWizard.dll (API version 3944462).
LogModuleManager: Display: Found up-to-date module file ../../../Engine/Plugins/Editor/PluginBrowser/Binaries/Win64/UE4Editor-PluginBrowser.dll (API version 3944462).
LogModuleManager: Display: Found up-to-date module file ../../../Engine/Plugins/Editor/SpeedTreeImporter/Binaries/Win64/UE4Editor-SpeedTreeImporter.dll (API version 3944462).
LogModuleManager: Display: Found up-to-date module file ../../../Engine/Plugins/Enterprise/DatasmithContent/Binaries/Win64/UE4Editor-DatasmithContent.dll (API version 3944462).
LogModuleManager: Display: Found up-to-date module file ../../../Engine/Plugins/Experimental/AlembicImporter/Binaries/Win64/UE4Editor-AlembicImporter.dll (API version 3944462).
LogModuleManager: Display: Found up-to-date module file ../../../Engine/Plugins/Experimental/AlembicImporter/Binaries/Win64/UE4Editor-AlembicLibrary.dll (API version 3944462).
LogModuleManager: Display: Found up-to-date module file ../../../Engine/Plugins/Experimental/CharacterAI/Binaries/Win64/UE4Editor-CharacterAI.dll (API version 3944462).
LogModuleManager: Display: Found up-to-date module file ../../../Engine/Plugins/Experimental/HTML5Networking/Binaries/Win64/UE4Editor-HTML5Networking.dll (API version 3944462).
LogModuleManager: Display: Found up-to-date module file ../../../Engine/Plugins/Media/AndroidMedia/Binaries/Win64/UE4Editor-AndroidMediaEditor.dll (API version 3944462).
LogModuleManager: Display: Found up-to-date module file ../../../Engine/Plugins/Media/AndroidMedia/Binaries/Win64/UE4Editor-AndroidMediaFactory.dll (API version 3944462).
LogModuleManager: Display: Found up-to-date module file ../../../Engine/Plugins/Media/AvfMedia/Binaries/Win64/UE4Editor-AvfMediaEditor.dll (API version 3944462).
LogModuleManager: Display: Found up-to-date module file ../../../Engine/Plugins/Media/AvfMedia/Binaries/Win64/UE4Editor-AvfMediaFactory.dll (API version 3944462).
LogModuleManager: Display: Found up-to-date module file ../../../Engine/Plugins/Media/AvfMedia/Binaries/Win64/UE4Editor-AvfMediaFactory.dll (API version 3944462).
LogModuleManager: Display: Found up-to-date module file ../../../Engine/Plugins/Media/ImgMedia/Binaries/Win64/UE4Editor-ImgMedia.dll (API version 3944462).
LogModuleManager: Display: Found up-to-date module file ../../../Engine/Plugins/Media/ImgMedia/Binaries/Win64/UE4Editor-ImgMediaEditor.dll (API version 3944462).
LogModuleManager: Display: Found up-to-date module file ../../../Engine/Plugins/Media/ImgMedia/Binaries/Win64/UE4Editor-ImgMediaFactory.dll (API version 3944462).
LogModuleManager: Display: Found up-to-date module file ../../../Engine/Plugins/Media/ImgMedia/Binaries/Win64/UE4Editor-ImgMediaFactory.dll (API version 3944462).
LogModuleManager: Display: Found up-to-date module file ../../../Engine/Plugins/Media/ImgMedia/Binaries/Win64/UE4Editor-OpenExrWrapper.dll (API version 3944462).
LogModuleManager: Display: Found up-to-date module file ../../../Engine/Plugins/Media/LinearTimecode/Binaries/Win64/UE4Editor-LinearTimecode.dll (API version 3944462).
LogModuleManager: Display: Found up-to-date module file ../../../Engine/Plugins/Media/MediaCompositing/Binaries/Win64/UE4Editor-MediaCompositing.dll (API version 3944462).
LogModuleManager: Display: Found up-to-date module file ../../../Engine/Plugins/Media/MediaCompositing/Binaries/Win64/UE4Editor-MediaCompositingEditor.dll (API version 3944462).
LogModuleManager: Display: Found up-to-date module file ../../../Engine/Plugins/Media/MediaPlayerEditor/Binaries/Win64/UE4Editor-MediaPlayerEditor.dll (API version 3944462).
LogModuleManager: Display: Found up-to-date module file ../../../Engine/Plugins/Media/WmfMedia/Binaries/Win64/UE4Editor-WmfMedia.dll (API version 3944462).
LogModuleManager: Display: Found up-to-date module file ../../../Engine/Plugins/Media/WmfMedia/Binaries/Win64/UE4Editor-WmfMediaEditor.dll (API version 3944462).
LogModuleManager: Display: Found up-to-date module file ../../../Engine/Plugins/Media/WmfMedia/Binaries/Win64/UE4Editor-WmfMediaFactory.dll (API version 3944462).
LogModuleManager: Display: Found up-to-date module file ../../../Engine/Plugins/Media/WmfMedia/Binaries/Win64/UE4Editor-WmfMediaFactory.dll (API version 3944462).
LogModuleManager: Display: Found up-to-date module file ../../../Engine/Plugins/Messaging/TcpMessaging/Binaries/Win64/UE4Editor-TcpMessaging.dll (API version 3944462).
LogModuleManager: Display: Found up-to-date module file ../../../Engine/Plugins/Messaging/UdpMessaging/Binaries/Win64/UE4Editor-UdpMessaging.dll (API version 3944462).
LogModuleManager: Display: Found up-to-date module file ../../../Engine/Plugins/MovieScene/ActorSequence/Binaries/Win64/UE4Editor-ActorSequence.dll (API version 3944462).
LogModuleManager: Display: Found up-to-date module file ../../../Engine/Plugins/MovieScene/LevelSequenceEditor/Binaries/Win64/UE4Editor-LevelSequenceEditor.dll (API version 3944462).
LogModuleManager: Display: Found up-to-date module file ../../../Engine/Plugins/MovieScene/MatineeToLevelSequence/Binaries/Win64/UE4Editor-MatineeToLevelSequence.dll (API version 3944462).
LogModuleManager: Display: Found up-to-date module file ../../../Engine/Plugins/NetcodeUnitTest/NetcodeUnitTest/Binaries/Win64/UE4Editor-NetcodeUnitTest.dll (API version 3944462).
LogModuleManager: Display: Found up-to-date module file ../../../Engine/Plugins/NetcodeUnitTest/NUTUnrealEngine4/Binaries/Win64/UE4Editor-NUTUnrealEngine4.dll (API version 3944462).
LogModuleManager: Display: Found up-to-date module file ../../../Engine/Plugins/Online/OnlineSubsystem/Binaries/Win64/UE4Editor-OnlineSubsystem.dll (API version 3944462).
LogModuleManager: Display: Found up-to-date module file ../../../Engine/Plugins/Online/OnlineSubsystemNull/Binaries/Win64/UE4Editor-OnlineSubsystemNull.dll (API version 3944462).
LogModuleManager: Display: Found up-to-date module file ../../../Engine/Plugins/Online/OnlineSubsystemUtils/Binaries/Win64/UE4Editor-OnlineSubsystemUtils.dll (API version 3944462).
LogModuleManager: Display: Found up-to-date module file ../../../Engine/Plugins/Online/OnlineSubsystemUtils/Binaries/Win64/UE4Editor-OnlineBlueprintSupport.dll (API version 3944462).
LogModuleManager: Display: Found up-to-date module file ../../../Engine/Plugins/Runtime/AndroidDeviceProfileSelector/Binaries/Win64/UE4Editor-AndroidDeviceProfileSelector.dll (API version 3944462).
LogModuleManager: Display: Found up-to-date module file ../../../Engine/Plugins/Runtime/AndroidPermission/Binaries/Win64/UE4Editor-AndroidPermission.dll (API version 3944462).
LogModuleManager: Display: Found up-to-date module file ../../../Engine/Plugins/Runtime/AppleARKit/Binaries/Win64/UE4Editor-AppleARKit.dll (API version 3944462).
LogModuleManager: Display: Found up-to-date module file ../../../Engine/Plugins/Runtime/ArchVisCharacter/Binaries/Win64/UE4Editor-ArchVisCharacter.dll (API version 3944462).
LogModuleManager: Display: Found up-to-date module file ../../../Engine/Plugins/Runtime/AudioCapture/Binaries/Win64/UE4Editor-AudioCapture.dll (API version 3944462).
LogModuleManager: Display: Found up-to-date module file ../../../Engine/Plugins/Runtime/AudioCapture/Binaries/Win64/UE4Editor-AudioCaptureEditor.dll (API version 3944462).
LogModuleManager: Display: Found up-to-date module file ../../../Engine/Plugins/Runtime/CableComponent/Binaries/Win64/UE4Editor-CableComponent.dll (API version 3944462).
LogModuleManager: Display: Found up-to-date module file ../../../Engine/Plugins/Runtime/CustomMeshComponent/Binaries/Win64/UE4Editor-CustomMeshComponent.dll (API version 3944462).
LogModuleManager: Display: Found up-to-date module file ../../../Engine/Plugins/Runtime/ExampleDeviceProfileSelector/Binaries/Win64/UE4Editor-ExampleDeviceProfileSelector.dll (API version 3944462).
LogModuleManager: Display: Found up-to-date module file ../../../Engine/Plugins/Runtime/ImmediatePhysics/Binaries/Win64/UE4Editor-ImmediatePhysics.dll (API version 3944462).
LogModuleManager: Display: Found up-to-date module file ../../../Engine/Plugins/Runtime/ImmediatePhysics/Binaries/Win64/UE4Editor-ImmediatePhysicsEditor.dll (API version 3944462).
LogModuleManager: Display: Found up-to-date module file ../../../Engine/Plugins/Runtime/LocationServicesBPLibrary/Binaries/Win64/UE4Editor-LocationServicesBPLibrary.dll (API version 3944462).
LogModuleManager: Display: Found up-to-date module file ../../../Engine/Plugins/Runtime/MobilePatchingUtils/Binaries/Win64/UE4Editor-MobilePatchingUtils.dll (API version 3944462).
LogModuleManager: Display: Found up-to-date module file ../../../Engine/Plugins/Runtime/Oculus/OculusVR/Binaries/Win64/UE4Editor-OculusHMD.dll (API version 3944462).
LogModuleManager: Display: Found up-to-date module file ../../../Engine/Plugins/Runtime/Oculus/OculusVR/Binaries/Win64/UE4Editor-OculusInput.dll (API version 3944462).
LogModuleManager: Display: Found up-to-date module file ../../../Engine/Plugins/Runtime/Oculus/OculusVR/Binaries/Win64/UE4Editor-OculusEditor.dll (API version 3944462).
LogModuleManager: Display: Found up-to-date module file ../../../Engine/Plugins/Runtime/PhysXVehicles/Binaries/Win64/UE4Editor-PhysXVehicles.dll (API version 3944462).
LogModuleManager: Display: Found up-to-date module file ../../../Engine/Plugins/Runtime/PhysXVehicles/Binaries/Win64/UE4Editor-PhysXVehiclesEditor.dll (API version 3944462).
LogModuleManager: Display: Found up-to-date module file ../../../Engine/Plugins/Runtime/ProceduralMeshComponent/Binaries/Win64/UE4Editor-ProceduralMeshComponent.dll (API version 3944462).
LogModuleManager: Display: Found up-to-date module file ../../../Engine/Plugins/Runtime/ProceduralMeshComponent/Binaries/Win64/UE4Editor-ProceduralMeshComponentEditor.dll (API version 3944462).
LogModuleManager: Display: Found up-to-date module file ../../../Engine/Plugins/Runtime/RuntimePhysXCooking/Binaries/Win64/UE4Editor-RuntimePhysXCooking.dll (API version 3944462).
LogModuleManager: Display: Found up-to-date module file ../../../Engine/Plugins/Runtime/Steam/SteamVR/Binaries/Win64/UE4Editor-SteamVR.dll (API version 3944462).
LogModuleManager: Display: Found up-to-date module file ../../../Engine/Plugins/Runtime/Steam/SteamVR/Binaries/Win64/UE4Editor-SteamVRController.dll (API version 3944462).
LogModuleManager: Display: Found up-to-date module file ../../../Engine/Plugins/Runtime/WindowsMoviePlayer/Binaries/Win64/UE4Editor-WindowsMoviePlayer.dll (API version 3944462).
LogInit: Using libcurl 7.47.1
LogInit:  - built for x86_64-pc-win32
LogInit:  - supports SSL with OpenSSL/1.0.2g
LogInit:  - supports HTTP deflate (compression) using libz 1.2.8
LogInit:  - other features:
LogInit:      CURL_VERSION_SSL
LogInit:      CURL_VERSION_LIBZ
LogInit:      CURL_VERSION_IPV6
LogInit:      CURL_VERSION_ASYNCHDNS
LogInit:      CURL_VERSION_LARGEFILE
LogInit:      CURL_VERSION_IDN
LogInit:  CurlRequestOptions (configurable via config and command line):
LogInit:  - bVerifyPeer = false  - Libcurl will NOT verify peer certificate
LogInit:  - bUseHttpProxy = false  - Libcurl will NOT use HTTP proxy
LogInit:  - bDontReuseConnections = false  - Libcurl will reuse connections
LogInit:  - CertBundlePath = nullptr  - Libcurl will use whatever was configured at build time.
LogInit:  - MaxHostConnections = 16  - Libcurl will limit the number of connections to a host
LogInit:  - LocalHostAddr = Default
LogInit: WinSock: version 1.1 (2.2), MaxSocks=32767, MaxUdp=65467
LogInit: WinSock: I am Gautier (192.168.56.1:0)
LogInit: Build: ++UE4+Release-4.19-CL-4033788
LogInit: Engine Version: 4.19.2-4033788+++UE4+Release-4.19
LogInit: Compatible Engine Version: 4.19.0-3944462+++UE4+Release-4.19
LogInit: Net CL: 3944462
LogDevObjectVersion: Number of dev versions registered: 18
LogDevObjectVersion:   Dev-Blueprints (B0D832E4-1F89-4F0D-ACCF-7EB736FD4AA2): 10
LogDevObjectVersion:   Dev-Build (E1C64328-A22C-4D53-A36C-8E866417BD8C): 0
LogDevObjectVersion:   Dev-Core (375EC13C-06E4-48FB-B500-84F0262A717E): 2
LogDevObjectVersion:   Dev-Editor (E4B068ED-F494-42E9-A231-DA0B2E46BB41): 23
LogDevObjectVersion:   Dev-Framework (CFFC743F-43B0-4480-9391-14DF171D2073): 33
LogDevObjectVersion:   Dev-Mobile (B02B49B5-BB20-44E9-A304-32B752E40360): 2
LogDevObjectVersion:   Dev-Networking (A4E4105C-59A1-49B5-A7C5-40C4547EDFEE): 0
LogDevObjectVersion:   Dev-Online (39C831C9-5AE6-47DC-9A44-9C173E1C8E7C): 0
LogDevObjectVersion:   Dev-Physics (78F01B33-EBEA-4F98-B9B4-84EACCB95AA2): 0
LogDevObjectVersion:   Dev-Platform (6631380F-2D4D-43E0-8009-CF276956A95A): 0
LogDevObjectVersion:   Dev-Rendering (12F88B9F-8875-4AFC-A67C-D90C383ABD29): 25
LogDevObjectVersion:   Dev-Sequencer (7B5AE74C-D270-4C10-A958-57980B212A5A): 6
LogDevObjectVersion:   Dev-VR (D7296918-1DD6-4BDD-9DE2-64A83CC13884): 1
LogDevObjectVersion:   Dev-LoadTimes (C2A15278-BFE7-4AFE-6C17-90FF531DF755): 1
LogDevObjectVersion:   Private-Geometry (6EACA3D4-40EC-4CC1-B786-8BED09428FC5): 2
LogDevObjectVersion:   Dev-AnimPhys (29E575DD-E0A3-4627-9D10-D276232CDCEA): 16
LogDevObjectVersion:   Dev-ReflectionCapture (6B266CEC-1EC7-4B8F-A30B-E4D90942FC07): 1
LogDevObjectVersion:   Dev-Automation (0DF73D61-A23F-47EA-B727-89E90C41499A): 1
LogInit: Compiled (64-bit): Apr 27 2018 02:06:57
LogInit: Compiled with Visual C++: 19.00.24215.01
LogInit: Build Configuration: Development
LogInit: Branch Name: ++UE4+Release-4.19
LogInit: Command Line: 
LogInit: Base Directory: C:/Program Files/Epic Games/UE_4.19/Engine/Binaries/Win64/
LogInit: Installed Engine Build: 1
LogStreaming: Display: Took  0.000s to delete old logs.
LogInit: Presizing for max 8388607 objects, including 0 objects not considered by GC, pre-allocating 0 bytes for permanent pool.
LogInit: Object subsystem initialized
[2019.06.14-13.39.28:551][  0]LogInit: Selected Device Profile: [Windows]
[2019.06.14-13.39.28:551][  0]LogInit: Applying CVar settings loaded from the selected device profile: [Windows]
[2019.06.14-13.39.28:567][  0]LogInit: Computer: GAUTIER
[2019.06.14-13.39.28:567][  0]LogInit: User: Gautier
[2019.06.14-13.39.28:567][  0]LogInit: CPU Page size=4096, Cores=4
[2019.06.14-13.39.28:567][  0]LogInit: High frequency timer resolution =2.435779 MHz
[2019.06.14-13.39.28:568][  0]LogMemory: Memory total: Physical=7.9GB (8GB approx)
[2019.06.14-13.39.28:568][  0]LogMemory: Platform Memory Stats for Windows
[2019.06.14-13.39.28:568][  0]LogMemory: Process Physical Memory: 272.32 MB used, 272.32 MB peak
[2019.06.14-13.39.28:568][  0]LogMemory: Process Virtual Memory: 264.67 MB used, 264.67 MB peak
[2019.06.14-13.39.28:568][  0]LogMemory: Physical Memory: 3929.18 MB used,  4145.85 MB free, 8075.02 MB total
[2019.06.14-13.39.28:568][  0]LogMemory: Virtual Memory: 640.14 MB used,  4145.85 MB free, 134217728.00 MB total
[2019.06.14-13.39.28:586][  0]LogInit: Using OS detected language (fr-FR).
[2019.06.14-13.39.28:586][  0]LogInit: Using OS detected locale (fr-FR).
[2019.06.14-13.39.28:589][  0]LogTextLocalizationManager: No localization for 'fr-FR' exists, so 'en' will be used for the language.
[2019.06.14-13.39.29:020][  0]LogStreaming: Display: Took  0.434s to EndInitTextLocalization.
[2019.06.14-13.39.29:020][  0]LogInit: Setting process to per monitor DPI aware
[2019.06.14-13.39.29:391][  0]LogSlate: New Slate User Created.  User Index 0, Is Virtual User: 0
[2019.06.14-13.39.29:391][  0]LogSlate: Slate User Registered.  User Index 0, Is Virtual User: 0
[2019.06.14-13.39.29:590][  0]LogD3D11RHI: D3D11 adapters:
[2019.06.14-13.39.29:646][  0]LogD3D11RHI:    0. 'NVIDIA GeForce GTX 850M' (Feature Level 11_0)
[2019.06.14-13.39.29:646][  0]LogD3D11RHI:       4011/0/4037 MB DedicatedVideo/DedicatedSystem/SharedSystem, Outputs:1, VendorId:0x10de
[2019.06.14-13.39.29:651][  0]LogD3D11RHI:    1. 'Intel(R) HD Graphics 4600' (Feature Level 11_0)
[2019.06.14-13.39.29:651][  0]LogD3D11RHI:       32/0/1760 MB DedicatedVideo/DedicatedSystem/SharedSystem, Outputs:0, VendorId:0x8086
[2019.06.14-13.39.29:652][  0]LogD3D11RHI:    2. 'Microsoft Basic Render Driver' (Feature Level 11_0)
[2019.06.14-13.39.29:652][  0]LogD3D11RHI:       0/0/256 MB DedicatedVideo/DedicatedSystem/SharedSystem, Outputs:0, VendorId:0x1414
[2019.06.14-13.39.29:652][  0]LogD3D11RHI: Chosen D3D11 Adapter: 0
[2019.06.14-13.39.29:656][  0]LogD3D11RHI: Creating new Direct3DDevice
[2019.06.14-13.39.29:656][  0]LogD3D11RHI:     GPU DeviceId: 0x1391 (for the marketing name, search the web for "GPU Device Id")
[2019.06.14-13.39.29:656][  0]LogWindows: EnumDisplayDevices:
[2019.06.14-13.39.29:656][  0]LogWindows:    0. 'Intel(R) HD Graphics 4600' (P:1 D:1)
[2019.06.14-13.39.29:656][  0]LogWindows:    1. 'Intel(R) HD Graphics 4600' (P:0 D:0)
[2019.06.14-13.39.29:656][  0]LogWindows:    2. 'Intel(R) HD Graphics 4600' (P:0 D:0)
[2019.06.14-13.39.29:657][  0]LogWindows: DebugString: PrimaryIsNotTheChoosenAdapter PrimaryIsNotTheChoosenAdapter PrimaryIsNotTheChoosenAdapter FoundDriverCount:0 
[2019.06.14-13.39.29:657][  0]LogD3D11RHI:     Adapter Name: NVIDIA GeForce GTX 850M
[2019.06.14-13.39.29:657][  0]LogD3D11RHI:   Driver Version: Unknown (internal:Unknown, unified:Unknown)
[2019.06.14-13.39.29:657][  0]LogD3D11RHI:      Driver Date: Unknown
[2019.06.14-13.39.29:657][  0]LogRHI: Texture pool is 2808 MB (70% of 4011 MB)
[2019.06.14-13.39.29:676][  0]LogD3D11RHI: [Aftermath] Aftermath enabled and primed
[2019.06.14-13.39.29:676][  0]LogD3D11RHI: [Aftermath] Aftermath enabled and primed
[2019.06.14-13.39.29:676][  0]LogD3D11RHI: Async texture creation enabled
[2019.06.14-13.39.29:694][  0]LogD3D11RHI: GPU Timing Frequency: 1000.000000 (Debug: 2 2)
[2019.06.14-13.39.29:694][  0]LogShaderCompilers: Guid format shader working directory is -14 characters bigger than the processId version (../../../../../../Users/Gautier/Documents/NageVr/NageVR/VRSwim/Intermediate/Shaders/WorkingDirectory/6368/).
[2019.06.14-13.39.29:694][  0]LogShaderCompilers: Cleaned the shader compiler working directory 'C:/Users/Gautier/AppData/Local/Temp/UnrealShaderWorkingDir/FB6A4DA0452F8BCABE5D45BE5564E205/'.
[2019.06.14-13.39.29:929][  0]LogTemp: Display: Loaded TP AllDesktopTargetPlatform
[2019.06.14-13.39.29:943][  0]LogTemp: Display: Loaded TP MacClientTargetPlatform
[2019.06.14-13.39.29:956][  0]LogTemp: Display: Loaded TP MacNoEditorTargetPlatform
[2019.06.14-13.39.29:970][  0]LogTemp: Display: Loaded TP MacServerTargetPlatform
[2019.06.14-13.39.29:983][  0]LogTemp: Display: Loaded TP MacTargetPlatform
[2019.06.14-13.39.29:997][  0]LogTemp: Display: Loaded TP WindowsClientTargetPlatform
[2019.06.14-13.39.30:010][  0]LogTemp: Display: Loaded TP WindowsNoEditorTargetPlatform
[2019.06.14-13.39.30:024][  0]LogTemp: Display: Loaded TP WindowsServerTargetPlatform
[2019.06.14-13.39.30:031][  0]LogTemp: Display: Loaded TP WindowsTargetPlatform
[2019.06.14-13.39.30:043][  0]LogTemp: Display: Loaded TP Android_ASTCTargetPlatform
[2019.06.14-13.39.30:055][  0]LogTemp: Display: Loaded TP Android_ATCTargetPlatform
[2019.06.14-13.39.30:067][  0]LogTemp: Display: Loaded TP Android_DXTTargetPlatform
[2019.06.14-13.39.30:079][  0]LogTemp: Display: Loaded TP Android_ETC1aTargetPlatform
[2019.06.14-13.39.30:092][  0]LogTemp: Display: Loaded TP Android_ETC1TargetPlatform
[2019.06.14-13.39.30:104][  0]LogTemp: Display: Loaded TP Android_ETC2TargetPlatform
[2019.06.14-13.39.30:128][  0]LogTemp: Display: Loaded TP Android_MultiTargetPlatform
[2019.06.14-13.39.30:128][  0]LogTemp: Display: Loaded TP Android_PVRTCTargetPlatform
[2019.06.14-13.39.30:141][  0]LogTemp: Display: Loaded TP AndroidTargetPlatform
[2019.06.14-13.39.30:142][  0]LogTemp: Display: Loaded TP HTML5TargetPlatform
[2019.06.14-13.39.30:179][  0]LogTemp: Display: Loaded TP IOSTargetPlatform
[2019.06.14-13.39.30:191][  0]LogTemp: Display: Loaded TP TVOSTargetPlatform
[2019.06.14-13.39.30:203][  0]LogTemp: Display: Loaded TP LinuxClientTargetPlatform
[2019.06.14-13.39.30:215][  0]LogTemp: Display: Loaded TP LinuxNoEditorTargetPlatform
[2019.06.14-13.39.30:227][  0]LogTemp: Display: Loaded TP LinuxServerTargetPlatform
[2019.06.14-13.39.30:240][  0]LogTemp: Display: Loaded TP LinuxTargetPlatform
[2019.06.14-13.39.30:240][  0]LogTargetPlatformManager: Display: Building Assets For Windows
[2019.06.14-13.39.30:326][  0]LogXGEController: Cannot use XGE Controller as Incredibuild is not installed on this machine.
[2019.06.14-13.39.30:326][  0]LogShaderCompilers: Cannot use XGE Shader Compiler as Incredibuild is not installed on this machine.
[2019.06.14-13.39.30:326][  0]LogShaderCompilers: Display: Using Local Shader Compiler.
[2019.06.14-13.39.31:134][  0]LogDerivedDataCache: Display: Max Cache Size: 512 MB
[2019.06.14-13.39.31:259][  0]LogDerivedDataCache: Loaded boot cache 0.12s 88MB C:/Users/Gautier/AppData/Local/UnrealEngine/4.19/DerivedDataCache/Boot.ddc.
[2019.06.14-13.39.31:259][  0]LogDerivedDataCache: Display: Loaded Boot cache: C:/Users/Gautier/AppData/Local/UnrealEngine/4.19/DerivedDataCache/Boot.ddc
[2019.06.14-13.39.31:260][  0]LogDerivedDataCache: FDerivedDataBackendGraph:  Pak pak cache file ../../../../../../Users/Gautier/Documents/NageVr/NageVR/VRSwim/DerivedDataCache/DDC.ddp not found, will not use a pak cache.
[2019.06.14-13.39.31:260][  0]LogDerivedDataCache: Unable to find inner node Pak for hierarchical cache Hierarchy.
[2019.06.14-13.39.31:260][  0]LogDerivedDataCache: FDerivedDataBackendGraph:  CompressedPak pak cache file ../../../../../../Users/Gautier/Documents/NageVr/NageVR/VRSwim/DerivedDataCache/Compressed.ddp not found, will not use a pak cache.
[2019.06.14-13.39.31:260][  0]LogDerivedDataCache: Unable to find inner node CompressedPak for hierarchical cache Hierarchy.
[2019.06.14-13.39.31:279][  0]LogDerivedDataCache: Display: Pak cache opened for reading ../../../Engine/DerivedDataCache/Compressed.ddp.
[2019.06.14-13.39.31:291][  0]LogDerivedDataCache: Using Local data cache path C:/Users/Gautier/AppData/Local/UnrealEngine/Common/DerivedDataCache: Writable
[2019.06.14-13.39.31:291][  0]LogDerivedDataCache: Shared data cache path not found in *engine.ini, will not use an Shared cache.
[2019.06.14-13.39.31:291][  0]LogDerivedDataCache: Unable to find inner node Shared for hierarchical cache Hierarchy.
[2019.06.14-13.39.31:304][  0]LogMaterial: Verifying Global Shaders for PCD3D_SM5
[2019.06.14-13.39.31:305][  0]LogSlate: Using Freetype 2.6.0
[2019.06.14-13.39.31:305][  0]LogSlate: SlateFontCache - WITH_FREETYPE: 1, WITH_HARFBUZZ: 1
[2019.06.14-13.39.31:305][  0]LogSlate: SlateFontCache - WITH_FREETYPE: 1, WITH_HARFBUZZ: 1
[2019.06.14-13.39.31:456][  0]LogAssetRegistry: FAssetRegistry took 0.0267 seconds to start up
[2019.06.14-13.39.31:772][  0]LogInit: Selected Device Profile: [Windows]
[2019.06.14-13.39.31:830][  0]LogSimplygon: Simplygon DLL not present - disabling.
[2019.06.14-13.39.31:832][  0]LogMeshReduction: Using SimplygonSwarm for distributed automatic mesh merging
[2019.06.14-13.39.31:832][  0]LogMeshReduction: Using QuadricMeshReduction for automatic static mesh reduction
[2019.06.14-13.39.31:832][  0]LogMeshReduction: No automatic skeletal mesh reduction module available
[2019.06.14-13.39.31:832][  0]LogMeshReduction: No automatic mesh merging module available
[2019.06.14-13.39.31:832][  0]LogMeshMerging: No automatic mesh merging module available
[2019.06.14-13.39.31:943][  0]LogNetVersion: VRSwim , NetCL: 3944462, EngineNetVer: 2, GameNetVer: 0 (Checksum: 544263640)
[2019.06.14-13.39.32:482][  0]LogPackageLocalizationCache: Processed 9 localized package path(s) for 1 prioritized culture(s) in 0.165019 seconds
[2019.06.14-13.39.32:488][  0]LogUObjectArray: 36728 objects as part of root set at end of initial load.
[2019.06.14-13.39.32:488][  0]LogUObjectAllocator: 7314304 out of 0 bytes used by permanent object pool.
[2019.06.14-13.39.32:488][  0]LogUObjectArray: CloseDisregardForGC: 0/0 objects in disregard for GC pool
[2019.06.14-13.39.34:178][  0]LogTcpMessaging: Initializing TcpMessaging bridge
[2019.06.14-13.39.34:203][  0]LogUdpMessaging: Initializing bridge on interface 0.0.0.0:0 to multicast group 230.0.0.1:6666.
[2019.06.14-13.39.34:495][  0]SourceControl: Source control is disabled
[2019.06.14-13.39.34:495][  0]SourceControl: Source control is disabled
[2019.06.14-13.39.34:508][  0]SourceControl: Source control is disabled
[2019.06.14-13.39.34:520][  0]SourceControl: Source control is disabled
[2019.06.14-13.39.34:896][  0]LogAndroidPermission: UAndroidPermissionCallbackProxy::GetInstance
[2019.06.14-13.39.35:023][  0]LogOcInput: OculusInput pre-init called
[2019.06.14-13.39.35:114][  0]LogEngine: Initializing Engine...
[2019.06.14-13.39.35:115][  0]LogHMD: Failed to initialize OpenVR with code 110
[2019.06.14-13.39.35:116][  0]LogStats: UGameplayTagsManager::ConstructGameplayTagTree: Construct from data asset -  0.000 s
[2019.06.14-13.39.35:116][  0]LogStats: UGameplayTagsManager::ConstructGameplayTagTree: GameplayTagTreeChangedEvent.Broadcast -  0.000 s
[2019.06.14-13.39.35:402][  0]LogAIModule: Creating AISystem for world Untitled
[2019.06.14-13.39.35:407][  0]LogInit: XAudio2 using 'Haut-parleurs (Realtek High Definition Audio)' : 2 channels at 48 kHz using 32 bits per sample (channel mask 0x3)
[2019.06.14-13.39.35:519][  0]LogInit: FAudioDevice initialized.
[2019.06.14-13.39.36:201][  0]LogDerivedDataCache: Saved boot cache 0.68s 88MB C:/Users/Gautier/AppData/Local/UnrealEngine/4.19/DerivedDataCache/Boot.ddc.
[2019.06.14-13.39.36:224][  0]LogInit: Texture streaming: Enabled
[2019.06.14-13.39.36:239][  0]LogEngineSessionManager: EngineSessionManager initialized
[2019.06.14-13.39.36:249][  0]LogInit: Transaction tracking system initialized
[2019.06.14-13.39.36:268][  0]BlueprintLog: New page: Editor Load
[2019.06.14-13.39.36:328][  0]LocalizationService: Localization service is disabled
[2019.06.14-13.39.36:415][  0]LogConsoleResponse: Display: 
[2019.06.14-13.39.38:280][  0]LogCook: Display: Max memory allowance for cook 16384mb min free memory 0mb
[2019.06.14-13.39.38:280][  0]LogCook: Display: Mobile HDR setting 1
[2019.06.14-13.39.38:280][  0]LogGameplayTags: Display: UGameplayTagsManager::DoneAddingNativeTags. DelegateIsBound: 0
[2019.06.14-13.39.38:280][  0]LogStats: UGameplayTagsManager::ConstructGameplayTagTree: Construct from data asset -  0.000 s
[2019.06.14-13.39.38:280][  0]LogStats: UGameplayTagsManager::ConstructGameplayTagTree: GameplayTagTreeChangedEvent.Broadcast -  0.000 s
[2019.06.14-13.39.38:597][  0]LogFileCache: Scanning file cache for directory 'C:/Users/Gautier/Documents/NageVr/NageVR/VRSwim/Content/' took 0.02s
[2019.06.14-13.39.38:597][  0]SourceControl: Source control is disabled
[2019.06.14-13.39.38:598][  0]Cmd: MAP LOAD FILE="../../../../../../Users/Gautier/Documents/NageVr/NageVR/VRSwim/Content/VirtualRealityBP/Maps/StartupMap.umap" TEMPLATE=0 SHOWPROGRESS=1 FEATURELEVEL=3
[2019.06.14-13.39.38:673][  0]LightingResults: New page: Lighting Build
[2019.06.14-13.39.38:675][  0]MapCheck: New page: Map Check
[2019.06.14-13.39.38:675][  0]LightingResults: New page: Lighting Build
[2019.06.14-13.39.38:688][  0]LogLinker: Warning: Can't find file '/Game/VirtualRealityBP/Maps/StartupMap_BuiltData'
[2019.06.14-13.39.38:688][  0]LogLinker: Warning: Can't find file for asset '/Game/VirtualRealityBP/Maps/StartupMap_BuiltData' while loading ../../../../../../Users/Gautier/Documents/NageVr/NageVR/VRSwim/Content/VirtualRealityBP/Maps/StartupMap.umap.
[2019.06.14-13.39.38:688][  0]LoadErrors: Error: /Game/VirtualRealityBP/Maps/StartupMap : Can't find file for asset. /Game/VirtualRealityBP/Maps/StartupMap_BuiltData
[2019.06.14-13.39.39:837][  0]LogLinker: Warning: Can't find file '/Game/VirtualRealityBP/Maps/StartupMap_BuiltData'
[2019.06.14-13.39.39:837][  0]LogLinker: Warning: Can't find file for asset '/Game/VirtualRealityBP/Maps/StartupMap_BuiltData' while loading ../../../../../../Users/Gautier/Documents/NageVr/NageVR/VRSwim/Content/VirtualRealityBP/Maps/StartupMap.umap.
[2019.06.14-13.39.39:837][  0]LoadErrors: Error: /Game/VirtualRealityBP/Maps/StartupMap : Can't find file for asset. /Game/VirtualRealityBP/Maps/StartupMap_BuiltData
[2019.06.14-13.39.39:873][  0]LogLinker: Warning: Can't find file '/Game/VirtualRealityBP/Maps/StartupMap_BuiltData'
[2019.06.14-13.39.39:873][  0]LoadErrors: Failed to load /Game/VirtualRealityBP/Maps/StartupMap_BuiltData.StartupMap_BuiltData Referenced by PersistentLevel
[2019.06.14-13.39.39:874][  0]LogLinker: Warning: Can't find file for asset '/Game/VirtualRealityBP/Maps/StartupMap_BuiltData' while loading NULL.
[2019.06.14-13.39.39:874][  0]LoadErrors: Failed to load /Game/VirtualRealityBP/Maps/StartupMap_BuiltData.StartupMap_BuiltData Referenced by PersistentLevel
[2019.06.14-13.39.40:403][  0]LogSkeletalMesh: Skeletal Mesh found in DDC [45.732391ms] /Game/VirtualReality/Mannequin/Character/Mesh/MannequinHand_Right.MannequinHand_Right
[2019.06.14-13.39.40:468][  0]LogAIModule: Creating AISystem for world StartupMap
[2019.06.14-13.39.40:570][  0]LogEditorServer: Finished looking for orphan Actors (0.000 secs)
[2019.06.14-13.39.40:628][  0]Cmd: MAP CHECKDEP NOCLEARLOG
[2019.06.14-13.39.40:671][  0]MapCheck: Map check complete: 0 Error(s), 0 Warning(s), took 43,091ms to complete.
[2019.06.14-13.39.40:671][  0]LogFileHelpers: Loading map 'StartupMap' took 2.073
[2019.06.14-13.39.42:032][  0]LogCollectionManager: Loaded 0 collections in 0.001245 seconds
[2019.06.14-13.39.42:310][  0]LogFileCache: Scanning file cache for directory 'C:/Users/Gautier/Documents/NageVr/NageVR/VRSwim/Saved/Collections/' took 0.01s
[2019.06.14-13.39.42:310][  0]LogFileCache: Scanning file cache for directory 'C:/Users/Gautier/Documents/NageVr/NageVR/VRSwim/Content/Developers/Gautier/Collections/' took 0.01s
[2019.06.14-13.39.42:310][  0]LogFileCache: Scanning file cache for directory 'C:/Users/Gautier/Documents/NageVr/NageVR/VRSwim/Content/Collections/' took 0.01s
[2019.06.14-13.39.42:310][  0]LogCollectionManager: Rebuilt the GUID cache for 0 collections in 0.000000 seconds
[2019.06.14-13.39.42:507][  0]LogContentBrowser: Native class hierarchy populated in 0.1683 seconds. Added 2454 classes and 560 folders.
[2019.06.14-13.39.42:637][  0]LogContentBrowser: Native class hierarchy updated for 'WidgetCarousel' in 0.0008 seconds. Added 0 classes and 0 folders.
[2019.06.14-13.39.47:233][  0]LogContentBrowser: Native class hierarchy updated for 'AddContentDialog' in 0.0010 seconds. Added 0 classes and 0 folders.
[2019.06.14-13.39.47:297][  0]LogContentBrowser: Native class hierarchy updated for 'SceneOutliner' in 0.0009 seconds. Added 1 classes and 2 folders.
[2019.06.14-13.39.48:459][  0]LogSlate: Took 0.000590 seconds to synchronously load lazily loaded font '../../../Engine/Content/Slate/Fonts/Roboto-Regular.ttf' (155K)
[2019.06.14-13.39.48:462][  0]LogSlate: Took 0.000262 seconds to synchronously load lazily loaded font '../../../Engine/Content/Slate/Fonts/Roboto-Bold.ttf' (160K)
[2019.06.14-13.39.48:517][  0]LogSlate: Took 0.038028 seconds to synchronously load lazily loaded font '../../../Engine/Content/Editor/Slate/Fonts/FontAwesome.ttf' (139K)
[2019.06.14-13.39.48:884][  0]LogRenderer: Reallocating scene render targets to support 964x396 Format 26 NumSamples 1 (Frame:1).
[2019.06.14-13.39.49:166][  0]LogContentBrowser: Native class hierarchy updated for 'HierarchicalLODOutliner' in 0.0009 seconds. Added 0 classes and 0 folders.
[2019.06.14-13.39.49:166][  0]LogLoad: (Engine Initialization) Total time: 26.54 seconds
[2019.06.14-13.39.49:166][  0]LogLoad: (Engine Initialization) Total Blueprint compile time: 0.00 seconds
[2019.06.14-13.39.49:203][  0]LogContentStreaming: Texture pool size now 1000 MB
[2019.06.14-13.39.49:206][  0]LogSlate: FSceneViewport::OnFocusLost() reason 2
[2019.06.14-13.39.49:409][  1]LogRenderer: Reallocating scene render targets to support 964x416 Format 26 NumSamples 1 (Frame:2).
[2019.06.14-13.39.50:050][  3]LogAssetRegistry: Asset discovery search completed in 18.6169 seconds
[2019.06.14-13.39.50:052][  3]LogCollectionManager: Rebuilt the object cache for 0 collections in 0.000000 seconds (found 0 objects)
[2019.06.14-13.39.50:052][  3]LogCollectionManager: Fixed up redirectors for 0 collections in 0.000064 seconds (updated 0 objects)
[2019.06.14-13.39.51:963][111]LogSlate: Window 'Message Log' being destroyed
[2019.06.14-13.39.51:965][111]LogSlate: Window 'Message Log' being destroyed
[2019.06.14-13.39.53:497][195]LogSlate: Took 0.018955 seconds to synchronously load lazily loaded font '../../../Engine/Content/Slate/Fonts/Roboto-Light.ttf' (167K)
[2019.06.14-13.40.02:898][757]LogSlate: FSceneViewport::OnFocusLost() reason 0
[2019.06.14-13.40.03:042][765]LogSlate: Took 0.000180 seconds to synchronously load lazily loaded font '../../../Engine/Content/Slate/Fonts/Roboto-Light.ttf' (167K)
[2019.06.14-13.40.03:375][765]LogUObjectGlobals: Created PersistentFrame Addr=0x00000039e4558a00, Size=352, Default__BP_SwimmingSpectator_C Function /Game/OceanEnvironmentPack/Blueprints/BP_SwimmingSpectator.BP_SwimmingSpectator_C:ExecuteUbergraph_BP_SwimmingSpectator
[2019.06.14-13.40.03:383][765]LogUObjectGlobals: Destroyed PersistentFrame Addr=0x00000039e4558a00, Size=352
[2019.06.14-13.40.03:383][765]LogUObjectGlobals: Created PersistentFrame Addr=0x00000039d57ceb00, Size=352, Default__BP_SwimmingSpectator_C Function /Engine/Transient.REINST_BP_SwimmingSpectator_C_1:ExecuteUbergraph_BP_SwimmingSpectator
[2019.06.14-13.40.03:429][765]LogBlueprint: Warning: [Compiler BP_SwimmingSpectator] InputAction Event references unknown Action 'Decrease_Speed' for  InputAction Decrease_Speed
[2019.06.14-13.40.03:429][765]LogBlueprint: Warning: [Compiler BP_SwimmingSpectator] InputAction Event references unknown Action 'Increase_Speed' for  InputAction Increase_Speed
[2019.06.14-13.40.03:430][765]LogBlueprint: Warning: [Compiler BP_SwimmingSpectator] Input Axis Event references unknown Axis 'LookUp' for  InputAxis LookUp
[2019.06.14-13.40.03:430][765]LogBlueprint: Warning: [Compiler BP_SwimmingSpectator] Input Axis Event references unknown Axis 'Turn' for  InputAxis Turn
[2019.06.14-13.40.03:430][765]LogBlueprint: Warning: [Compiler BP_SwimmingSpectator] Input Axis Event references unknown Axis 'MoveUp' for  InputAxis MoveUp
[2019.06.14-13.40.03:430][765]LogBlueprint: Warning: [Compiler BP_SwimmingSpectator] Input Axis Event references unknown Axis 'MoveRight' for  InputAxis MoveRight
[2019.06.14-13.40.03:430][765]LogBlueprint: Warning: [Compiler BP_SwimmingSpectator] Input Axis Event references unknown Axis 'MoveForward' for  InputAxis MoveForward
[2019.06.14-13.40.03:433][765]LogUObjectGlobals: Created PersistentFrame Addr=0x00000039e4637700, Size=352, Default__BP_SwimmingSpectator_C Function /Game/OceanEnvironmentPack/Blueprints/BP_SwimmingSpectator.BP_SwimmingSpectator_C:ExecuteUbergraph_BP_SwimmingSpectator
[2019.06.14-13.40.03:490][765]LogBlueprint: Warning: [Compiler BP_SwimmingSpectator] [0040,86] Compile of BP_SwimmingSpectator successful, but with 7 Warning(s) [in 109 ms] (/Game/OceanEnvironmentPack/Blueprints/BP_SwimmingSpectator.BP_SwimmingSpectator)
[2019.06.14-13.40.03:721][765]LogUObjectGlobals: Created PersistentFrame Addr=0x00000039d56e5600, Size=176, Default__BP_Dustmotes_CameraFollow_C Function /Game/OceanEnvironmentPack/Blueprints/BP_Dustmotes_CameraFollow.BP_Dustmotes_CameraFollow_C:ExecuteUbergraph_BP_Dustmotes_CameraFollow
[2019.06.14-13.40.03:722][765]LogUObjectGlobals: Destroyed PersistentFrame Addr=0x00000039d56e5600, Size=176
[2019.06.14-13.40.03:723][765]LogUObjectGlobals: Created PersistentFrame Addr=0x00000039d56e5600, Size=176, Default__BP_Dustmotes_CameraFollow_C Function /Engine/Transient.REINST_BP_Dustmotes_CameraFollow_C_3:ExecuteUbergraph_BP_Dustmotes_CameraFollow
[2019.06.14-13.40.03:724][765]LogUObjectGlobals: Created PersistentFrame Addr=0x00000039d56e5e40, Size=176, Default__BP_Dustmotes_CameraFollow_C Function /Game/OceanEnvironmentPack/Blueprints/BP_Dustmotes_CameraFollow.BP_Dustmotes_CameraFollow_C:ExecuteUbergraph_BP_Dustmotes_CameraFollow
[2019.06.14-13.40.04:054][765]LogUObjectGlobals: Created PersistentFrame Addr=0x00000039d584c700, Size=120, Default__BP_Dynamic_Deep_Sea_Lighting_C Function /Game/OceanEnvironmentPack/Blueprints/BP_Dynamic_Deep_Sea_Lighting.BP_Dynamic_Deep_Sea_Lighting_C:ExecuteUbergraph_BP_Dynamic_Deep_Sea_Lighting
[2019.06.14-13.40.04:066][765]LogUObjectGlobals: Destroyed PersistentFrame Addr=0x00000039d584c700, Size=120
[2019.06.14-13.40.04:066][765]LogUObjectGlobals: Created PersistentFrame Addr=0x00000039b304bd00, Size=120, Default__BP_Dynamic_Deep_Sea_Lighting_C Function /Engine/Transient.REINST_BP_Dynamic_Deep_Sea_Lighting_C_5:ExecuteUbergraph_BP_Dynamic_Deep_Sea_Lighting
[2019.06.14-13.40.04:073][765]LogUObjectGlobals: Created PersistentFrame Addr=0x00000039b304b880, Size=120, Default__BP_Dynamic_Deep_Sea_Lighting_C Function /Game/OceanEnvironmentPack/Blueprints/BP_Dynamic_Deep_Sea_Lighting.BP_Dynamic_Deep_Sea_Lighting_C:ExecuteUbergraph_BP_Dynamic_Deep_Sea_Lighting
[2019.06.14-13.40.04:630][765]LogUObjectGlobals: Created PersistentFrame Addr=0x00000039c42c6e00, Size=384, Default__BP_HierarchicalInstance_Converter_C Function /Game/OceanEnvironmentPack/Blueprints/BP_HierarchicalInstance_Converter.BP_HierarchicalInstance_Converter_C:ExecuteUbergraph_BP_HierarchicalInstance_Converter
[2019.06.14-13.40.04:634][765]LogUObjectGlobals: Destroyed PersistentFrame Addr=0x00000039c42c6e00, Size=384
[2019.06.14-13.40.04:634][765]LogUObjectGlobals: Created PersistentFrame Addr=0x00000039e529b280, Size=384, Default__BP_HierarchicalInstance_Converter_C Function /Engine/Transient.REINST_BP_HierarchicalInstance_Converter_C_9:ExecuteUbergraph_BP_HierarchicalInstance_Converter
[2019.06.14-13.40.04:661][765]LogUObjectGlobals: Created PersistentFrame Addr=0x000000399f5dd900, Size=384, Default__BP_HierarchicalInstance_Converter_C Function /Game/OceanEnvironmentPack/Blueprints/BP_HierarchicalInstance_Converter.BP_HierarchicalInstance_Converter_C:ExecuteUbergraph_BP_HierarchicalInstance_Converter
[2019.06.14-13.40.05:870][765]LogUObjectGlobals: Created PersistentFrame Addr=0x00000039cdb96380, Size=368, Default__BP_OceanSplineSystem_C Function /Game/OceanEnvironmentPack/Blueprints/BP_OceanSplineSystem.BP_OceanSplineSystem_C:ExecuteUbergraph_BP_OceanSplineSystem
[2019.06.14-13.40.05:908][765]LogUObjectGlobals: Destroyed PersistentFrame Addr=0x00000039cdb96380, Size=368
[2019.06.14-13.40.05:908][765]LogUObjectGlobals: Created PersistentFrame Addr=0x00000039c3a10700, Size=368, Default__BP_OceanSplineSystem_C Function /Engine/Transient.REINST_BP_OceanSplineSystem_C_11:ExecuteUbergraph_BP_OceanSplineSystem
[2019.06.14-13.40.05:931][765]LogUObjectGlobals: Created PersistentFrame Addr=0x00000039c3974b80, Size=352, Default__BP_OceanSplineSystem_C Function /Game/OceanEnvironmentPack/Blueprints/BP_OceanSplineSystem.BP_OceanSplineSystem_C:ExecuteUbergraph_BP_OceanSplineSystem
[2019.06.14-13.40.06:145][765]LogUObjectGlobals: Created PersistentFrame Addr=0x00000039ce36a2a8, Size=24, Default__RightHand_AnimBP_C Function /Game/VirtualReality/Mannequin/Animations/RightHand_AnimBP.RightHand_AnimBP_C:ExecuteUbergraph_RightHand_AnimBP
[2019.06.14-13.40.06:182][765]LogUObjectGlobals: Destroyed PersistentFrame Addr=0x00000039ce36a2a8, Size=24
[2019.06.14-13.40.06:182][765]LogUObjectGlobals: Created PersistentFrame Addr=0x00000039ce36a2a8, Size=24, Default__RightHand_AnimBP_C Function /Engine/Transient.REINST_RightHand_AnimBP_C_0:ExecuteUbergraph_RightHand_AnimBP
[2019.06.14-13.40.06:222][765]LogUObjectGlobals: Created PersistentFrame Addr=0x00000039ce368910, Size=24, Default__RightHand_AnimBP_C Function /Game/VirtualReality/Mannequin/Animations/RightHand_AnimBP.RightHand_AnimBP_C:ExecuteUbergraph_RightHand_AnimBP
[2019.06.14-13.40.06:241][765]LogUObjectGlobals: Created PersistentFrame Addr=0x00000039c3947d08, Size=40, Default__Controller_C Function /Game/SwimVR/Player/Controller.Controller_C:ExecuteUbergraph_Controller
[2019.06.14-13.40.06:243][765]LogUObjectGlobals: Destroyed PersistentFrame Addr=0x00000039c3947d08, Size=40
[2019.06.14-13.40.06:243][765]LogUObjectGlobals: Created PersistentFrame Addr=0x00000039c3947d08, Size=40, Default__Controller_C Function /Engine/Transient.REINST_Controller_C_14:ExecuteUbergraph_Controller
[2019.06.14-13.40.06:253][765]LogUObjectGlobals: Created PersistentFrame Addr=0x00000039c3947cb8, Size=40, Default__Controller_C Function /Game/SwimVR/Player/Controller.Controller_C:ExecuteUbergraph_Controller
[2019.06.14-13.40.06:289][765]LogUObjectGlobals: Created PersistentFrame Addr=0x00000039ce369540, Size=20, Default__Player_C Function /Game/SwimVR/Player/Player.Player_C:ExecuteUbergraph_Player
[2019.06.14-13.40.06:292][765]LogUObjectGlobals: Destroyed PersistentFrame Addr=0x00000039ce369540, Size=20
[2019.06.14-13.40.06:292][765]LogUObjectGlobals: Created PersistentFrame Addr=0x00000039ce369540, Size=20, Default__Player_C Function /Engine/Transient.REINST_Player_C_16:ExecuteUbergraph_Player
[2019.06.14-13.40.06:294][765]LogUObjectGlobals: Created PersistentFrame Addr=0x00000039ce369630, Size=20, Default__Player_C Function /Game/SwimVR/Player/Player.Player_C:ExecuteUbergraph_Player
[2019.06.14-13.40.11:953][765]LogUObjectGlobals: Created PersistentFrame Addr=0x00000039b790a840, Size=160, Default__LD_C Function /Game/OceanEnvironmentPack/Levels/LD.LD_C:ExecuteUbergraph_LD
[2019.06.14-13.40.11:960][765]LogUObjectGlobals: Destroyed PersistentFrame Addr=0x00000039b790a840, Size=160
[2019.06.14-13.40.11:960][765]LogUObjectGlobals: Created PersistentFrame Addr=0x00000039b7908c20, Size=160, Default__LD_C Function /Engine/Transient.REINST_LD_C_20:ExecuteUbergraph_LD
[2019.06.14-13.40.11:963][765]LogUObjectGlobals: Created PersistentFrame Addr=0x00000039b7d59940, Size=160, Default__LD_C Function /Game/OceanEnvironmentPack/Levels/LD.LD_C:ExecuteUbergraph_LD
[2019.06.14-13.40.18:500][765]LogSkeletalMesh: Skeletal Mesh found in DDC [38.787182ms] /Game/OceanEnvironmentPack/Meshes/Plants/Kelp/SK_Kelp.SK_Kelp
[2019.06.14-13.40.20:394][765]LogAIModule: Creating AISystem for world LD
[2019.06.14-13.40.20:719][765]LogUObjectGlobals: Destroyed PersistentFrame Addr=0x00000039d57ceb00, Size=352
[2019.06.14-13.40.20:719][765]LogUObjectGlobals: Destroyed PersistentFrame Addr=0x00000039d56e5600, Size=176
[2019.06.14-13.40.20:719][765]LogUObjectGlobals: Destroyed PersistentFrame Addr=0x00000039b304bd00, Size=120
[2019.06.14-13.40.20:719][765]LogUObjectGlobals: Destroyed PersistentFrame Addr=0x00000039e529b280, Size=384
[2019.06.14-13.40.20:719][765]LogUObjectGlobals: Destroyed PersistentFrame Addr=0x00000039c3a10700, Size=368
[2019.06.14-13.40.20:719][765]LogUObjectGlobals: Destroyed PersistentFrame Addr=0x00000039ce36a2a8, Size=24
[2019.06.14-13.40.20:719][765]LogUObjectGlobals: Destroyed PersistentFrame Addr=0x00000039c3947d08, Size=40
[2019.06.14-13.40.20:719][765]LogUObjectGlobals: Destroyed PersistentFrame Addr=0x00000039ce369540, Size=20
[2019.06.14-13.40.20:719][765]LogUObjectGlobals: Destroyed PersistentFrame Addr=0x00000039b7908c20, Size=160
[2019.06.14-13.40.20:722][765]Cmd: MAP LOAD FILE="../../../../../../Users/Gautier/Documents/NageVr/NageVR/VRSwim/Content/OceanEnvironmentPack/Levels/LD.umap" TEMPLATE=0 SHOWPROGRESS=1 FEATURELEVEL=3
[2019.06.14-13.40.20:722][765]LightingResults: New page: Lighting Build
[2019.06.14-13.40.20:723][765]LoadErrors: New page: Loading map: LD.umap
[2019.06.14-13.40.20:737][765]MapCheck: New page: Map Check
[2019.06.14-13.40.20:737][765]LightingResults: New page: Lighting Build
[2019.06.14-13.40.35:694][765]LogEditorServer: Finished looking for orphan Actors (0.000 secs)
[2019.06.14-13.40.35:769][765]Cmd: MAP CHECKDEP NOCLEARLOG
[2019.06.14-13.40.35:848][765]MapCheck: Map check complete: 0 Error(s), 0 Warning(s), took 79,373ms to complete.
[2019.06.14-13.40.35:848][765]LogFileHelpers: Loading map 'LD' took 15.127
[2019.06.14-13.42.39:446][932]LogEditorViewport: Clicking on Actor (LMB): StaticMeshActor (77)
[2019.06.14-13.42.40:908][  9]Cmd: EDIT COPY
[2019.06.14-13.42.41:478][ 42]Cmd: EDIT PASTE
[2019.06.14-13.42.45:646][282]LogSlate: FSceneViewport::OnFocusLost() reason 0
[2019.06.14-13.43.16:327][ 87]LogSlate: FSceneViewport::OnFocusLost() reason 0
[2019.06.14-13.43.20:334][323]LogSlate: FSceneViewport::OnFocusLost() reason 0
[2019.06.14-13.43.24:928][595]Cmd: EDIT COPY
[2019.06.14-13.43.25:498][628]Cmd: EDIT PASTE
[2019.06.14-13.43.28:544][801]LogSlate: FSceneViewport::OnFocusLost() reason 0
[2019.06.14-13.43.33:851][115]LogEditorViewport: Clicking Background
[2019.06.14-13.43.45:604][787]LogEditorViewport: Clicking on Actor (LMB): StaticMeshActor (79)
[2019.06.14-13.43.46:681][848]Cmd: EDIT COPY
[2019.06.14-13.43.47:189][878]Cmd: EDIT PASTE
[2019.06.14-13.43.48:140][932]LogSlate: FSceneViewport::OnFocusLost() reason 0
[2019.06.14-13.43.53:565][249]LogSlate: FSceneViewport::OnFocusLost() reason 0
[2019.06.14-13.44.01:016][691]LogEditorViewport: Clicking Background
[2019.06.14-13.44.04:058][862]LogEditorViewport: Clicking on Actor (LMB): StaticMeshActor (80)
[2019.06.14-13.44.05:531][943]Cmd: EDIT COPY
[2019.06.14-13.44.05:867][962]Cmd: EDIT PASTE
[2019.06.14-13.44.06:511][997]LogSlate: FSceneViewport::OnFocusLost() reason 0
[2019.06.14-13.44.11:203][271]LogSlate: FSceneViewport::OnFocusLost() reason 0
[2019.06.14-13.44.18:448][688]LogSlate: FSceneViewport::OnFocusLost() reason 0
[2019.06.14-13.44.20:032][782]LogEditorViewport: Clicking on Actor (LMB): StaticMeshActor (93)
[2019.06.14-13.44.25:106][ 79]LogSlate: FSceneViewport::OnFocusLost() reason 0
[2019.06.14-13.44.25:543][104]LogEditorViewport: Clicking Background
[2019.06.14-13.44.27:989][240]LogEditorViewport: Clicking on Actor (LMB): StaticMeshActor (93)
[2019.06.14-13.44.30:911][409]LogEditorViewport: Clicking Background
[2019.06.14-13.44.40:316][945]LogEditorViewport: Clicking on Actor (LMB): StaticMeshActor (31)
[2019.06.14-13.44.41:464][  5]Cmd: EDIT COPY
[2019.06.14-13.44.42:060][ 37]Cmd: EDIT PASTE
[2019.06.14-13.44.50:154][444]LogSlate: FSceneViewport::OnFocusLost() reason 0
[2019.06.14-13.44.58:865][911]LogSlate: FSceneViewport::OnFocusLost() reason 0
[2019.06.14-13.45.07:612][345]LogEditorViewport: Clicking on Actor (context menu): StaticMeshActor (GodRay_Mesh4)
[2019.06.14-13.45.07:702][345]LogSlate: FSceneViewport::OnFocusLost() reason 2
[2019.06.14-13.45.08:366][380]LogEditorViewport: Clicking on Actor (LMB): StaticMeshActor (GodRay_Mesh4)
[2019.06.14-13.45.08:939][407]LogEditorViewport: Clicking on Actor (LMB): StaticMeshActor (GodRay_Mesh4)
[2019.06.14-13.45.09:433][430]LogEditorViewport: Clicking on Actor (LMB): StaticMeshActor (GodRay_Mesh4)
[2019.06.14-13.45.09:848][449]LogEditorViewport: Clicking on Actor (LMB): StaticMeshActor (94)
[2019.06.14-13.45.14:511][702]Cmd: EDIT COPY
[2019.06.14-13.45.14:941][726]Cmd: EDIT PASTE
[2019.06.14-13.45.20:317][ 32]Cmd: EDIT COPY
[2019.06.14-13.45.20:737][ 57]Cmd: EDIT PASTE
[2019.06.14-13.45.26:060][356]LogSlate: FSceneViewport::OnFocusLost() reason 0
[2019.06.14-13.45.31:702][691]LogSlate: FSceneViewport::OnFocusLost() reason 0
[2019.06.14-13.45.39:598][152]Cmd: EDIT COPY
[2019.06.14-13.45.40:356][196]Cmd: EDIT PASTE
[2019.06.14-13.45.43:769][394]LogSlate: FSceneViewport::OnFocusLost() reason 0
[2019.06.14-13.45.49:851][750]LogSlate: FSceneViewport::OnFocusLost() reason 0
[2019.06.14-13.45.53:133][943]LogEditorViewport: Clicking Background
[2019.06.14-13.46.07:956][783]LogEditorViewport: Clicking on Actor (LMB): StaticMeshActor (97)
[2019.06.14-13.46.10:247][907]Cmd: EDIT COPY
[2019.06.14-13.46.10:910][945]Cmd: EDIT PASTE
[2019.06.14-13.46.16:385][257]LogSlate: FSceneViewport::OnFocusLost() reason 0
[2019.06.14-13.46.19:432][432]LogEditorViewport: Clicking on Actor (LMB): StaticMeshActor (96)
[2019.06.14-13.46.42:485][472]LogSlate: FSceneViewport::OnFocusLost() reason 0
[2019.06.14-13.46.42:689][474]LogUObjectGlobals: Destroyed PersistentFrame Addr=0x00000039b7d59940, Size=160
[2019.06.14-13.46.42:689][474]LogUObjectGlobals: Created PersistentFrame Addr=0x00000039f2494720, Size=160, Default__LD_C Function /Engine/Transient.REINST_LD_C_24:ExecuteUbergraph_LD
[2019.06.14-13.46.42:695][474]LogUObjectGlobals: Created PersistentFrame Addr=0x00000039b7d58c20, Size=160, Default__LD_C Function /Game/OceanEnvironmentPack/Levels/LD.LD_C:ExecuteUbergraph_LD
[2019.06.14-13.46.43:701][474]LogSavePackage: Save=1036.40ms
[2019.06.14-13.46.43:701][474]LogSavePackage: Moving '../../../../../../Users/Gautier/Documents/NageVr/NageVR/VRSwim/Saved/LD6270D60342EC32CBB2E4F58EDCB1D538.tmp' to '../../../../../../Users/Gautier/Documents/NageVr/NageVR/VRSwim/Content/OceanEnvironmentPack/Levels/LD.umap'
[2019.06.14-13.46.43:725][474]LogSavePackage: Display: Finished SavePackage ../../../../../../Users/Gautier/Documents/NageVr/NageVR/VRSwim/Content/OceanEnvironmentPack/Levels/LD.umap
[2019.06.14-13.46.44:949][517]LogEditorViewport: Clicking on Actor (LMB): Landscape (Landscape1)
[2019.06.14-13.46.47:155][605]LogEditorViewport: Clicking on Actor (LMB): StaticMeshActor (GodRay_Mesh2)
[2019.06.14-13.59.08:081][946]LogHttp: Warning: 00000039EAF5B280: request failed, libcurl error: 6 (Couldn't resolve host name)
[2019.06.14-13.59.08:081][946]LogHttp: Warning: 00000039EAF5B280: libcurl info message cache 0 (Found bundle for host datarouter.ol.epicgames.com: 0x39f2fdbfe8 [can pipeline])
[2019.06.14-13.59.08:081][946]LogHttp: Warning: 00000039EAF5B280: libcurl info message cache 1 (Re-using existing connection! (#6) with host datarouter.ol.epicgames.com)
[2019.06.14-13.59.08:081][946]LogHttp: Warning: 00000039EAF5B280: libcurl info message cache 2 (Connected to datarouter.ol.epicgames.com (50.17.106.84) port 443 (#6))
[2019.06.14-13.59.08:081][946]LogHttp: Warning: 00000039EAF5B280: libcurl info message cache 3 (upload completely sent off: 367 out of 367 bytes)
[2019.06.14-13.59.08:081][946]LogHttp: Warning: 00000039EAF5B280: libcurl info message cache 4 (SSL read: error:00000000:lib(0):func(0):reason(0), errno 10054)
[2019.06.14-13.59.08:081][946]LogHttp: Warning: 00000039EAF5B280: libcurl info message cache 5 (Connection died, retrying a fresh connect)
[2019.06.14-13.59.08:081][946]LogHttp: Warning: 00000039EAF5B280: libcurl info message cache 6 (Closing connection 6)
[2019.06.14-13.59.08:081][946]LogHttp: Warning: 00000039EAF5B280: libcurl info message cache 7 (Issue another request to this URL: 'https://datarouter.ol.epicgames.com/datarouter/api/v1/public/data?SessionID=%7BF889B00C-437A-9549-5B19-11A364DE18F8%7D&AppID=UEEditor.Rocket.Release&AppVersion=4.19.2-4033788%2B%2B%2BUE4%2BRelease-4.19&UserID=f3a6a7c9417df3f35aea1393a2c65e0a%7Cd543827b587b4bccb0c4d5b76d83ee2f%7C23901751-4fac-4c00-83b1-dda420849843&AppEnvironment=datacollector-binary&UploadType=eteventstream')
[2019.06.14-13.59.08:081][946]LogHttp: Warning: 00000039EAF5B280: libcurl info message cache 8 (Could not resolve host: datarouter.ol.epicgames.com)
[2019.06.14-13.59.08:081][946]LogHttp: Warning: 00000039EAF5B280: libcurl info message cache 9 (Closing connection 7)
[2019.06.14-14.01.08:415][307]LogHttp: Warning: 00000039EAF5B280: request failed, libcurl error: 6 (Couldn't resolve host name)
[2019.06.14-14.01.08:415][307]LogHttp: Warning: 00000039EAF5B280: libcurl info message cache 0 (Could not resolve host: datarouter.ol.epicgames.com)
[2019.06.14-14.01.08:415][307]LogHttp: Warning: 00000039EAF5B280: libcurl info message cache 1 (Closing connection 8)
[2019.06.14-14.03.08:998][762]LogHttp: Warning: 00000039D5D2D000: request failed, libcurl error: 6 (Couldn't resolve host name)
[2019.06.14-14.03.08:999][762]LogHttp: Warning: 00000039D5D2D000: libcurl info message cache 0 (Could not resolve host: datarouter.ol.epicgames.com)
[2019.06.14-14.03.08:999][762]LogHttp: Warning: 00000039D5D2D000: libcurl info message cache 1 (Closing connection 9)
